SAT
0 230 0 0 240 130 90
8 0 0 0 150 100 60
10 100 0 40 210 120 60
6 0 110 0 140 130 50
6 0 130 0 240 150 70
3 0 120 0 220 160 70
2 220 140 0 240 160 80
1 200 120 0 240 150 80
5 200 0 50 240 130 90
6 150 60 50 230 130 80
0 0 0 80 150 110 90
8 150 0 0 220 100 80
9 0 100 0 140 150 80
9 0 0 50 160 100 90
2 0 60 80 70 140 90
6 150 0 50 240 60 90
4 0 0 60 190 120 90
1 0 150 80 170 160 90
7 0 0 70 140 70 90
1 230 0 70 240 100 90
3 0 0 0 210 120 70
1 230 0 0 240 100 70
1 0 0 0 200 120 80
8 0 140 0 100 160 90
6 0 0 50 150 130 90
5 0 120 50 200 160 90
5 0 0 0 170 150 50
0 150 0 80 230 120 90
11 0 120 0 180 150 30
10 0 0 0 70 100 80
7 0 0 0 210 80 70
1 200 0 0 230 120 80
5 0 150 0 170 160 50
1 0 0 80 200 150 90
11 0 0 20 80 50 80
3 220 0 0 240 130 80
1 200 0 80 230 150 90
4 0 100 0 150 120 60
11 0 0 0 200 120 20
7 210 0 0 230 60 70
1 200 150 0 240 160 80
5 0 0 50 200 120 90
5 170 0 0 230 130 50
0 230 130 0 240 160 80
8 0 100 0 210 140 70
5 200 130 40 240 160 90
3 0 0 70 220 140 90
9 200 120 0 240 160 40
10 0 100 0 100 160 70
2 70 60 80 100 140 90
2 210 0 0 240 140 60
10 70 0 0 180 100 40
4 150 100 0 230 120 60
7 0 80 0 170 150 80
9 180 0 0 240 120 80
2 0 150 0 130 160 70
7 140 0 70 230 70 90
0 0 120 0 230 160 90
4 110 120 70 150 160 90
8 0 65 70 110 135 90
2 150 0 0 210 160 70
8 0 0 60 140 60 80
9 140 120 0 200 160 60
7 170 80 0 230 130 90
6 0 150 0 170 160 60
4 0 0 0 230 100 60
2 220 0 60 240 90 80
9 0 0 0 180 100 50
4 0 120 70 110 160 90
1 0 120 0 200 160 80
6 0 0 0 220 110 50
4 190 0 60 240 90 80
1 230 100 0 240 120 40
0 0 0 0 230 120 80
2 150 0 70 220 150 90
4 0 120 0 220 160 70
7 170 130 0 230 160 70
2 0 0 0 150 150 80
5 170 130 0 240 160 40
2 0 0 80 100 60 90