SAT
0 0 100 20 40 120 40
1 0 50 0 50 130 90
4 0 0 110 50 130 140
0 70 0 20 80 60 140
3 50 60 0 80 130 100
0 70 40 0 80 130 20
1 0 0 0 60 50 70
4 0 30 10 20 70 100
3 0 60 0 10 110 100
3 20 60 0 50 110 90
4 10 0 0 80 30 80
0 0 0 0 70 100 50
2 50 0 50 70 60 140
2 0 60 0 60 80 10
3 20 20 0 80 60 130
4 50 80 10 80 130 140
4 20 30 0 80 80 110
3 0 40 10 10 60 40
2 70 50 0 80 60 100
2 40 60 10 80 120 140
4 50 0 110 70 70 130
4 0 80 10 40 110 70
4 0 30 0 10 120 10
1 60 0 0 80 100 60
0 0 60 50 80 130 140
3 10 0 0 80 20 40
4 0 80 70 40 130 110
2 0 50 10 40 130 140
3 0 70 100 70 130 140
1 30 70 90 80 130 140
2 0 0 0 50 50 110
3 10 30 0 20 130 90
1 50 0 70 80 60 140
1 40 0 100 50 50 140
1 0 0 90 30 90 140
0 0 0 50 70 60 140
3 10 0 40 80 20 120